/home/isq/gameprj
./gserver1.0_watch: line 55: 18635 已放弃               (core dumped) nohup $1 > /dev/null 2>&1  (wd: /home/isq/gameprj/bin_debug_gserver)
/home/isq/gameprj
./gserver1.0_watch: line 55: 18645 已放弃               (core dumped) nohup $1 > /dev/null 2>&1  (wd: /home/isq/gameprj/bin_debug_gserver)
/home/isq/gameprj
./gserver1.0_watch: line 55: 18661 已杀死               nohup $1 > /dev/null 2>&1  (wd: /home/isq/gameprj/bin_debug_gserver)
/home/isq/gameprj
./gserver1.0_watch: line 55: 18691 已放弃               (core dumped) nohup $1 > /dev/null 2>&1  (wd: /home/isq/gameprj/bin_debug_gserver)
/home/isq/gameprj
./gserver1.0_watch: line 55: 18809 已放弃               (core dumped) nohup $1 > /dev/null 2>&1  (wd: /home/isq/gameprj/bin_debug_gserver)
/home/isq/gameprj
/home/isq/gameprj
./gserver1.0_watch: line 55:  2038 已放弃               (core dumped) nohup $1 > /dev/null 2>&1  (wd: /home/isq/gameprj/bin_debug_gserver)
/home/isq/gameprj
./gserver1.0_watch: line 55:  2061 已放弃               (core dumped) nohup $1 > /dev/null 2>&1  (wd: /home/isq/gameprj/bin_debug_gserver)
/home/isq/gameprj
./gserver1.0_watch: line 55:  2073 已放弃               (core dumped) nohup $1 > /dev/null 2>&1  (wd: /home/isq/gameprj/bin_debug_gserver)
/home/isq/gameprj
./gserver1.0_watch: line 55:  2083 已放弃               (core dumped) nohup $1 > /dev/null 2>&1  (wd: /home/isq/gameprj/bin_debug_gserver)
/home/isq/gameprj
./gserver1.0_watch: line 55:  2093 已放弃               (core dumped) nohup $1 > /dev/null 2>&1  (wd: /home/isq/gameprj/bin_debug_gserver)
/home/isq/gameprj
./gserver1.0_watch: line 55:  2103 已放弃               (core dumped) nohup $1 > /dev/null 2>&1  (wd: /home/isq/gameprj/bin_debug_gserver)
/home/isq/gameprj
./gserver1.0_watch: line 55:  2113 已放弃               (core dumped) nohup $1 > /dev/null 2>&1  (wd: /home/isq/gameprj/bin_debug_gserver)
/home/isq/gameprj
./gserver1.0_watch: line 55:  2124 已放弃               (core dumped) nohup $1 > /dev/null 2>&1  (wd: /home/isq/gameprj/bin_debug_gserver)
/home/isq/gameprj
./gserver1.0_watch: line 55:  2135 已放弃               (core dumped) nohup $1 > /dev/null 2>&1  (wd: /home/isq/gameprj/bin_debug_gserver)
/home/isq/gameprj
./gserver1.0_watch: line 55:  2145 已放弃               (core dumped) nohup $1 > /dev/null 2>&1  (wd: /home/isq/gameprj/bin_debug_gserver)
/home/isq/gameprj
/home/isq/gameprj
/home/isq/gameprj
./gserver1.0_watch: line 55:  2033 Aborted                 (core dumped) nohup $1 > /dev/null 2>&1  (wd: /home/isq/gameprj/bin_debug_gserver)
./gserver1.0_watch: line 55:  2053 Aborted                 (core dumped) nohup $1 > /dev/null 2>&1  (wd: /home/isq/gameprj/bin_debug_gserver)
/home/isq/gameprj
./gserver1.0_watch: line 55:  2074 Aborted                 (core dumped) nohup $1 > /dev/null 2>&1  (wd: /home/isq/gameprj/bin_debug_gserver)
/home/isq/gameprj
/home/isq/gameprj
./gserver1.0_watch: line 55:  2091 Aborted                 (core dumped) nohup $1 > /dev/null 2>&1  (wd: /home/isq/gameprj/bin_debug_gserver)
/home/isq/gameprj
./gserver1.0_watch: line 55:  2091 已放弃               (core dumped) nohup $1 > /dev/null 2>&1  (wd: /home/isq/gameprj/bin_debug_gserver)
/home/isq/gameprj
./gserver1.0_watch: line 55:  2115 已放弃               (core dumped) nohup $1 > /dev/null 2>&1  (wd: /home/isq/gameprj/bin_debug_gserver)
/home/isq/gameprj
./gserver1.0_watch: line 55:  2127 已放弃               (core dumped) nohup $1 > /dev/null 2>&1  (wd: /home/isq/gameprj/bin_debug_gserver)
/home/isq/gameprj
./gserver1.0_watch: line 55:  2145 已放弃               (core dumped) nohup $1 > /dev/null 2>&1  (wd: /home/isq/gameprj/bin_debug_gserver)
/home/isq/gameprj
./gserver1.0_watch: line 55:  2159 已放弃               (core dumped) nohup $1 > /dev/null 2>&1  (wd: /home/isq/gameprj/bin_debug_gserver)
/home/isq/gameprj
./gserver1.0_watch: line 55:  2170 已放弃               (core dumped) nohup $1 > /dev/null 2>&1  (wd: /home/isq/gameprj/bin_debug_gserver)
/home/isq/gameprj
./gserver1.0_watch: line 55:  2180 已放弃               (core dumped) nohup $1 > /dev/null 2>&1  (wd: /home/isq/gameprj/bin_debug_gserver)
/home/isq/gameprj
./gserver1.0_watch: line 55:  2190 已放弃               (core dumped) nohup $1 > /dev/null 2>&1  (wd: /home/isq/gameprj/bin_debug_gserver)
/home/isq/gameprj
./gserver1.0_watch: line 55:  2200 已放弃               (core dumped) nohup $1 > /dev/null 2>&1  (wd: /home/isq/gameprj/bin_debug_gserver)
/home/isq/gameprj
./gserver1.0_watch: line 55:  2210 已放弃               (core dumped) nohup $1 > /dev/null 2>&1  (wd: /home/isq/gameprj/bin_debug_gserver)
/home/isq/gameprj
./gserver1.0_watch: line 55:  2224 已放弃               (core dumped) nohup $1 > /dev/null 2>&1  (wd: /home/isq/gameprj/bin_debug_gserver)
/home/isq/gameprj
./gserver1.0_watch: line 55:  2234 已放弃               (core dumped) nohup $1 > /dev/null 2>&1  (wd: /home/isq/gameprj/bin_debug_gserver)
/home/isq/gameprj
./gserver1.0_watch: line 55:  2244 已放弃               (core dumped) nohup $1 > /dev/null 2>&1  (wd: /home/isq/gameprj/bin_debug_gserver)
/home/isq/gameprj
./gserver1.0_watch: line 55:  2254 已放弃               (core dumped) nohup $1 > /dev/null 2>&1  (wd: /home/isq/gameprj/bin_debug_gserver)
/home/isq/gameprj
./gserver1.0_watch: line 55:  2264 已放弃               (core dumped) nohup $1 > /dev/null 2>&1  (wd: /home/isq/gameprj/bin_debug_gserver)
/home/isq/gameprj
./gserver1.0_watch: line 55:  2274 已放弃               (core dumped) nohup $1 > /dev/null 2>&1  (wd: /home/isq/gameprj/bin_debug_gserver)
/home/isq/gameprj
./gserver1.0_watch: line 55:  2287 已放弃               (core dumped) nohup $1 > /dev/null 2>&1  (wd: /home/isq/gameprj/bin_debug_gserver)
/home/isq/gameprj
./gserver1.0_watch: line 55:  2300 已放弃               (core dumped) nohup $1 > /dev/null 2>&1  (wd: /home/isq/gameprj/bin_debug_gserver)
/home/isq/gameprj
./gserver1.0_watch: line 55:  2314 已放弃               (core dumped) nohup $1 > /dev/null 2>&1  (wd: /home/isq/gameprj/bin_debug_gserver)
/home/isq/gameprj
./gserver1.0_watch: line 55:  2330 已放弃               (core dumped) nohup $1 > /dev/null 2>&1  (wd: /home/isq/gameprj/bin_debug_gserver)
/home/isq/gameprj
./gserver1.0_watch: line 55:  2340 已放弃               (core dumped) nohup $1 > /dev/null 2>&1  (wd: /home/isq/gameprj/bin_debug_gserver)
/home/isq/gameprj
./gserver1.0_watch: line 55:  2350 已放弃               (core dumped) nohup $1 > /dev/null 2>&1  (wd: /home/isq/gameprj/bin_debug_gserver)
/home/isq/gameprj
./gserver1.0_watch: line 55:  2363 已放弃               (core dumped) nohup $1 > /dev/null 2>&1  (wd: /home/isq/gameprj/bin_debug_gserver)
/home/isq/gameprj
./gserver1.0_watch: line 55:  2373 已放弃               (core dumped) nohup $1 > /dev/null 2>&1  (wd: /home/isq/gameprj/bin_debug_gserver)
/home/isq/gameprj
./gserver1.0_watch: line 55:  2384 已放弃               (core dumped) nohup $1 > /dev/null 2>&1  (wd: /home/isq/gameprj/bin_debug_gserver)
/home/isq/gameprj
./gserver1.0_watch: line 55:  2473 已放弃               (core dumped) nohup $1 > /dev/null 2>&1  (wd: /home/isq/gameprj/bin_debug_gserver)
/home/isq/gameprj
./gserver1.0_watch: line 55:  2493 已放弃               (core dumped) nohup $1 > /dev/null 2>&1  (wd: /home/isq/gameprj/bin_debug_gserver)
/home/isq/gameprj
./gserver1.0_watch: line 55:  2507 已放弃               (core dumped) nohup $1 > /dev/null 2>&1  (wd: /home/isq/gameprj/bin_debug_gserver)
/home/isq/gameprj
./gserver1.0_watch: line 55:  2517 已放弃               (core dumped) nohup $1 > /dev/null 2>&1  (wd: /home/isq/gameprj/bin_debug_gserver)
/home/isq/gameprj
./gserver1.0_watch: line 55:  2537 已放弃               (core dumped) nohup $1 > /dev/null 2>&1  (wd: /home/isq/gameprj/bin_debug_gserver)
/home/isq/gameprj
./gserver1.0_watch: line 55:  2548 已放弃               (core dumped) nohup $1 > /dev/null 2>&1  (wd: /home/isq/gameprj/bin_debug_gserver)
/home/isq/gameprj
./gserver1.0_watch: line 55:  2558 已放弃               (core dumped) nohup $1 > /dev/null 2>&1  (wd: /home/isq/gameprj/bin_debug_gserver)
/home/isq/gameprj
./gserver1.0_watch: line 55:  2568 已放弃               (core dumped) nohup $1 > /dev/null 2>&1  (wd: /home/isq/gameprj/bin_debug_gserver)
/home/isq/gameprj
./gserver1.0_watch: line 55:  2578 已放弃               (core dumped) nohup $1 > /dev/null 2>&1  (wd: /home/isq/gameprj/bin_debug_gserver)
/home/isq/gameprj
./gserver1.0_watch: line 55:  2588 已放弃               (core dumped) nohup $1 > /dev/null 2>&1  (wd: /home/isq/gameprj/bin_debug_gserver)
/home/isq/gameprj
./gserver1.0_watch: line 55:  2599 已放弃               (core dumped) nohup $1 > /dev/null 2>&1  (wd: /home/isq/gameprj/bin_debug_gserver)
/home/isq/gameprj
./gserver1.0_watch: line 55:  2609 已放弃               (core dumped) nohup $1 > /dev/null 2>&1  (wd: /home/isq/gameprj/bin_debug_gserver)
/home/isq/gameprj
./gserver1.0_watch: line 55:  2622 已放弃               (core dumped) nohup $1 > /dev/null 2>&1  (wd: /home/isq/gameprj/bin_debug_gserver)
/home/isq/gameprj
./gserver1.0_watch: line 55:  2632 已放弃               (core dumped) nohup $1 > /dev/null 2>&1  (wd: /home/isq/gameprj/bin_debug_gserver)
/home/isq/gameprj
./gserver1.0_watch: line 55:  2642 已放弃               (core dumped) nohup $1 > /dev/null 2>&1  (wd: /home/isq/gameprj/bin_debug_gserver)
/home/isq/gameprj
./gserver1.0_watch: line 55:  2652 已放弃               (core dumped) nohup $1 > /dev/null 2>&1  (wd: /home/isq/gameprj/bin_debug_gserver)
/home/isq/gameprj
./gserver1.0_watch: line 55:  2662 已放弃               (core dumped) nohup $1 > /dev/null 2>&1  (wd: /home/isq/gameprj/bin_debug_gserver)
/home/isq/gameprj
./gserver1.0_watch: line 55:  2674 已杀死               nohup $1 > /dev/null 2>&1  (wd: /home/isq/gameprj/bin_debug_gserver)
/home/isq/gameprj
./gserver1.0_watch: line 55:  2683 已放弃               (core dumped) nohup $1 > /dev/null 2>&1  (wd: /home/isq/gameprj/bin_debug_gserver)
/home/isq/gameprj
./gserver1.0_watch: line 55:  2697 已放弃               (core dumped) nohup $1 > /dev/null 2>&1  (wd: /home/isq/gameprj/bin_debug_gserver)
/home/isq/gameprj
